2024-08-11 05:11:07 Loading main app package /tmp/.mount_ObsidiyZJ2qR/resources/obsidian.asar
2024-08-11 05:11:07 Checking for update using Github
2024-08-11 05:11:07 Success.
2024-08-11 05:11:07 Latest version is 1.6.7
2024-08-11 05:11:07 App is up to date.
2024-08-11 05:15:04 Loading main app package /tmp/.mount_ObsiditKMg6O/resources/obsidian.asar
2024-08-11 05:15:05 Checking for update using Github
2024-08-11 05:15:05 Success.
2024-08-11 05:15:05 Latest version is 1.6.7
2024-08-11 05:15:05 App is up to date.
2024-08-11 05:26:49 Loading main app package /tmp/.mount_Obsidi0ID23m/resources/obsidian.asar
2024-08-11 05:26:49 Checking for update using Github
2024-08-11 05:26:49 Success.
2024-08-11 05:26:49 Latest version is 1.6.7
2024-08-11 05:26:49 App is up to date.
2024-08-11 06:26:49 Checking for update using Github
2024-08-11 06:26:49 Success.
2024-08-11 06:26:49 Latest version is 1.6.7
2024-08-11 06:26:49 App is up to date.
2024-08-11 07:26:49 Checking for update using Github
2024-08-11 07:26:49 Success.
2024-08-11 07:26:49 Latest version is 1.6.7
2024-08-11 07:26:49 App is up to date.
2024-08-13 05:03:11 Loading main app package /tmp/.mount_ObsidiyYjbPS/resources/obsidian.asar
2024-08-13 05:03:12 Checking for update using Github
2024-08-13 05:03:12 Success.
2024-08-13 05:03:12 Latest version is 1.6.7
2024-08-13 05:03:12 App is up to date.
2024-08-13 14:58:17 Loading main app package /tmp/.mount_ObsidiiK9qI3/resources/obsidian.asar
2024-08-13 14:58:18 Checking for update using Github
2024-08-13 14:58:18 Success.
2024-08-13 14:58:18 Latest version is 1.6.7
2024-08-13 14:58:18 App is up to date.
